<?xml version="1.0" encoding="UTF-8"?>
<!-- Generated by org.testng.reporters.JUnitReportReporter -->
<testsuite hostname="DESKTOP-KRTRA2U" failures="0" tests="2" name="sample.sampleprj.LoginTest" time="0.022" errors="0" timestamp="2022-08-27T13:08:02 IST" skipped="0">
  <testcase classname="sample.sampleprj.LoginTest" name="compose" time="0.019"/>
  <system-out/>
  <testcase classname="sample.sampleprj.LoginTest" name="login" time="0.003"/>
  <system-out/>
</testsuite> <!-- sample.sampleprj.LoginTest -->
