<?xml version="1.0" encoding="UTF-8"?>
<!-- Generated by org.testng.reporters.JUnitReportReporter -->
<testsuite hostname="DESKTOP-KRTRA2U" failures="0" tests="2" name="sample.sampleprj.LoginTest" time="0.016" errors="0" timestamp="2022-08-27T20:21:10 IST" skipped="0">
  <testcase classname="sample.sampleprj.LoginTest" name="compose" time="0.016"/>
  <system-out/>
  <testcase classname="sample.sampleprj.LoginTest" name="login" time="0.000"/>
  <system-out/>
</testsuite> <!-- sample.sampleprj.LoginTest -->
